{"C:\\Users\\vinic\\Documents\\app.encontros\\src\\App.js": {"path":"C:\\Users\\vinic\\Documents\\app.encontros\\src\\App.js","statementMap":{"0":{"start":{"line":15,"column":40},"end":{"line":15,"column":56}},"1":{"start":{"line":16,"column":40},"end":{"line":16,"column":50}},"2":{"start":{"line":17,"column":20},"end":{"line":17,"column":28}},"3":{"start":{"line":19,"column":20},"end":{"line":24,"column":3}},"4":{"start":{"line":21,"column":6},"end":{"line":21,"column":68}},"5":{"start":{"line":21,"column":29},"end":{"line":21,"column":68}},"6":{"start":{"line":26,"column":36},"end":{"line":31,"column":3}},"7":{"start":{"line":28,"column":6},"end":{"line":28,"column":27}},"8":{"start":{"line":33,"column":24},"end":{"line":33,"column":79}},"9":{"start":{"line":33,"column":35},"end":{"line":33,"column":78}},"10":{"start":{"line":34,"column":25},"end":{"line":35,"column":50}},"11":{"start":{"line":35,"column":4},"end":{"line":35,"column":50}},"12":{"start":{"line":37,"column":29},"end":{"line":43,"column":3}},"13":{"start":{"line":39,"column":6},"end":{"line":39,"column":27}},"14":{"start":{"line":40,"column":6},"end":{"line":40,"column":22}},"15":{"start":{"line":45,"column":24},"end":{"line":45,"column":58}},"16":{"start":{"line":47,"column":2},"end":{"line":88,"column":4}},"17":{"start":{"line":53,"column":14},"end":{"line":53,"column":38}},"18":{"start":{"line":77,"column":31},"end":{"line":77,"column":48}}},"fnMap":{"0":{"name":"App","decl":{"start":{"line":14,"column":9},"end":{"line":14,"column":12}},"loc":{"start":{"line":14,"column":15},"end":{"line":89,"column":1}},"line":14},"1":{"name":"(anonymous_1)","decl":{"start":{"line":20,"column":4},"end":{"line":20,"column":5}},"loc":{"start":{"line":20,"column":18},"end":{"line":22,"column":5}},"line":20},"2":{"name":"(anonymous_2)","decl":{"start":{"line":27,"column":4},"end":{"line":27,"column":5}},"loc":{"start":{"line":27,"column":14},"end":{"line":29,"column":5}},"line":27},"3":{"name":"(anonymous_3)","decl":{"start":{"line":33,"column":24},"end":{"line":33,"column":25}},"loc":{"start":{"line":33,"column":35},"end":{"line":33,"column":78}},"line":33},"4":{"name":"(anonymous_4)","decl":{"start":{"line":34,"column":25},"end":{"line":34,"column":26}},"loc":{"start":{"line":35,"column":4},"end":{"line":35,"column":50}},"line":35},"5":{"name":"(anonymous_5)","decl":{"start":{"line":38,"column":4},"end":{"line":38,"column":5}},"loc":{"start":{"line":38,"column":20},"end":{"line":41,"column":5}},"line":38},"6":{"name":"(anonymous_6)","decl":{"start":{"line":52,"column":19},"end":{"line":52,"column":20}},"loc":{"start":{"line":52,"column":28},"end":{"line":54,"column":13}},"line":52},"7":{"name":"(anonymous_7)","decl":{"start":{"line":77,"column":25},"end":{"line":77,"column":26}},"loc":{"start":{"line":77,"column":31},"end":{"line":77,"column":48}},"line":77}},"branchMap":{"0":{"loc":{"start":{"line":21,"column":6},"end":{"line":21,"column":68}},"type":"if","locations":[{"start":{"line":21,"column":6},"end":{"line":21,"column":68}},{"start":{"line":21,"column":6},"end":{"line":21,"column":68}}],"line":21},"1":{"loc":{"start":{"line":33,"column":35},"end":{"line":33,"column":78}},"type":"cond-expr","locations":[{"start":{"line":33,"column":58},"end":{"line":33,"column":66}},{"start":{"line":33,"column":69},"end":{"line":33,"column":78}}],"line":33},"2":{"loc":{"start":{"line":35,"column":4},"end":{"line":35,"column":50}},"type":"cond-expr","locations":[{"start":{"line":35,"column":27},"end":{"line":35,"column":38}},{"start":{"line":35,"column":41},"end":{"line":35,"column":50}}],"line":35}},"s":{"0":4,"1":4,"2":4,"3":4,"4":3,"5":3,"6":4,"7":1,"8":4,"9":4,"10":4,"11":8,"12":4,"13":2,"14":2,"15":4,"16":4,"17":1,"18":1},"f":{"0":4,"1":3,"2":1,"3":4,"4":8,"5":2,"6":1,"7":1},"b":{"0":[3,0],"1":[4,0],"2":[4,4]},"_coverageSchema":"1a1c01bbd47fc00a2c39e90264f33305004495a9","hash":"9aac215e17b2e2798127f71a0aefc67dcee67938"}
,"C:\\Users\\vinic\\Documents\\app.encontros\\src\\index.js": {"path":"C:\\Users\\vinic\\Documents\\app.encontros\\src\\index.js","statementMap":{"0":{"start":{"line":8,"column":0},"end":{"line":21,"column":2}},"1":{"start":{"line":11,"column":4},"end":{"line":18,"column":6}},"2":{"start":{"line":26,"column":0},"end":{"line":26,"column":18}}},"fnMap":{"0":{"name":"(anonymous_0)","decl":{"start":{"line":10,"column":2},"end":{"line":10,"column":3}},"loc":{"start":{"line":10,"column":8},"end":{"line":19,"column":3}},"line":10}},"branchMap":{},"s":{"0":1,"1":1,"2":1},"f":{"0":1},"b":{},"_coverageSchema":"1a1c01bbd47fc00a2c39e90264f33305004495a9","hash":"3cfe5f5834838eaf7247439c4bd40b32589d3099"}
,"C:\\Users\\vinic\\Documents\\app.encontros\\src\\reportWebVitals.js": {"path":"C:\\Users\\vinic\\Documents\\app.encontros\\src\\reportWebVitals.js","statementMap":{"0":{"start":{"line":1,"column":24},"end":{"line":11,"column":1}},"1":{"start":{"line":2,"column":2},"end":{"line":10,"column":3}},"2":{"start":{"line":3,"column":4},"end":{"line":9,"column":7}},"3":{"start":{"line":4,"column":6},"end":{"line":4,"column":26}},"4":{"start":{"line":5,"column":6},"end":{"line":5,"column":26}},"5":{"start":{"line":6,"column":6},"end":{"line":6,"column":26}},"6":{"start":{"line":7,"column":6},"end":{"line":7,"column":26}},"7":{"start":{"line":8,"column":6},"end":{"line":8,"column":27}}},"fnMap":{"0":{"name":"(anonymous_0)","decl":{"start":{"line":1,"column":24},"end":{"line":1,"column":25}},"loc":{"start":{"line":1,"column":41},"end":{"line":11,"column":1}},"line":1},"1":{"name":"(anonymous_1)","decl":{"start":{"line":3,"column":30},"end":{"line":3,"column":31}},"loc":{"start":{"line":3,"column":79},"end":{"line":9,"column":5}},"line":3}},"branchMap":{"0":{"loc":{"start":{"line":2,"column":2},"end":{"line":10,"column":3}},"type":"if","locations":[{"start":{"line":2,"column":2},"end":{"line":10,"column":3}},{"start":{"line":2,"column":2},"end":{"line":10,"column":3}}],"line":2},"1":{"loc":{"start":{"line":2,"column":6},"end":{"line":2,"column":52}},"type":"binary-expr","locations":[{"start":{"line":2,"column":6},"end":{"line":2,"column":17}},{"start":{"line":2,"column":21},"end":{"line":2,"column":52}}],"line":2}},"s":{"0":2,"1":2,"2":1,"3":1,"4":1,"5":1,"6":1,"7":1},"f":{"0":2,"1":1},"b":{"0":[1,1],"1":[2,1]},"_coverageSchema":"1a1c01bbd47fc00a2c39e90264f33305004495a9","hash":"908cb5db8a7d833152d608bd4894aad6b15c051c"}
,"C:\\Users\\vinic\\Documents\\app.encontros\\src\\components\\GoHome\\index.jsx": {"path":"C:\\Users\\vinic\\Documents\\app.encontros\\src\\components\\GoHome\\index.jsx","statementMap":{"0":{"start":{"line":9,"column":2},"end":{"line":26,"column":4}},"1":{"start":{"line":12,"column":8},"end":{"line":23,"column":17}},"2":{"start":{"line":16,"column":25},"end":{"line":16,"column":43}}},"fnMap":{"0":{"name":"GoHome","decl":{"start":{"line":8,"column":9},"end":{"line":8,"column":15}},"loc":{"start":{"line":8,"column":18},"end":{"line":27,"column":1}},"line":8},"1":{"name":"(anonymous_1)","decl":{"start":{"line":11,"column":7},"end":{"line":11,"column":8}},"loc":{"start":{"line":12,"column":8},"end":{"line":23,"column":17}},"line":12},"2":{"name":"(anonymous_2)","decl":{"start":{"line":16,"column":19},"end":{"line":16,"column":20}},"loc":{"start":{"line":16,"column":25},"end":{"line":16,"column":43}},"line":16}},"branchMap":{},"s":{"0":5,"1":4,"2":1},"f":{"0":5,"1":4,"2":1},"b":{},"_coverageSchema":"1a1c01bbd47fc00a2c39e90264f33305004495a9","hash":"2b262a6f9cdff01400c2ceac8515dbe4c6983d58"}
,"C:\\Users\\vinic\\Documents\\app.encontros\\src\\components\\SideSlider\\index.jsx": {"path":"C:\\Users\\vinic\\Documents\\app.encontros\\src\\components\\SideSlider\\index.jsx","statementMap":{"0":{"start":{"line":14,"column":0},"end":{"line":14,"column":58}},"1":{"start":{"line":17,"column":2},"end":{"line":32,"column":4}},"2":{"start":{"line":28,"column":12},"end":{"line":28,"column":56}}},"fnMap":{"0":{"name":"SideSlider","decl":{"start":{"line":16,"column":9},"end":{"line":16,"column":19}},"loc":{"start":{"line":16,"column":41},"end":{"line":33,"column":1}},"line":16},"1":{"name":"(anonymous_1)","decl":{"start":{"line":27,"column":23},"end":{"line":27,"column":24}},"loc":{"start":{"line":28,"column":12},"end":{"line":28,"column":56}},"line":28}},"branchMap":{"0":{"loc":{"start":{"line":26,"column":9},"end":{"line":29,"column":12}},"type":"binary-expr","locations":[{"start":{"line":26,"column":9},"end":{"line":26,"column":25}},{"start":{"line":27,"column":10},"end":{"line":29,"column":12}}],"line":26}},"s":{"0":5,"1":7,"2":11},"f":{"0":7,"1":11},"b":{"0":[7,7]},"_coverageSchema":"1a1c01bbd47fc00a2c39e90264f33305004495a9","hash":"c9cbefe94169278ef1faa94eeee6570510c98e05"}
,"C:\\Users\\vinic\\Documents\\app.encontros\\src\\components\\UserDetail\\index.jsx": {"path":"C:\\Users\\vinic\\Documents\\app.encontros\\src\\components\\UserDetail\\index.jsx","statementMap":{"0":{"start":{"line":6,"column":2},"end":{"line":29,"column":4}}},"fnMap":{"0":{"name":"UserDetail","decl":{"start":{"line":5,"column":9},"end":{"line":5,"column":19}},"loc":{"start":{"line":5,"column":30},"end":{"line":30,"column":1}},"line":5}},"branchMap":{},"s":{"0":4},"f":{"0":4},"b":{},"_coverageSchema":"1a1c01bbd47fc00a2c39e90264f33305004495a9","hash":"cd4617ed917f6c00208b8960b32a5b005bdef6d1"}
,"C:\\Users\\vinic\\Documents\\app.encontros\\src\\components\\UserInfo\\index.jsx": {"path":"C:\\Users\\vinic\\Documents\\app.encontros\\src\\components\\UserInfo\\index.jsx","statementMap":{"0":{"start":{"line":15,"column":2},"end":{"line":40,"column":4}},"1":{"start":{"line":43,"column":0},"end":{"line":51,"column":2}}},"fnMap":{"0":{"name":"UserInfo","decl":{"start":{"line":5,"column":9},"end":{"line":5,"column":17}},"loc":{"start":{"line":14,"column":3},"end":{"line":41,"column":1}},"line":14}},"branchMap":{"0":{"loc":{"start":{"line":21,"column":9},"end":{"line":21,"column":77}},"type":"binary-expr","locations":[{"start":{"line":21,"column":9},"end":{"line":21,"column":33}},{"start":{"line":21,"column":37},"end":{"line":21,"column":77}}],"line":21},"1":{"loc":{"start":{"line":23,"column":11},"end":{"line":23,"column":77}},"type":"binary-expr","locations":[{"start":{"line":23,"column":11},"end":{"line":23,"column":33}},{"start":{"line":23,"column":37},"end":{"line":23,"column":77}}],"line":23}},"s":{"0":12,"1":6},"f":{"0":12},"b":{"0":[12,6],"1":[12,6]},"_coverageSchema":"1a1c01bbd47fc00a2c39e90264f33305004495a9","hash":"f274ebd8382ace710ca65c948bfa18bb344616b6"}
,"C:\\Users\\vinic\\Documents\\app.encontros\\src\\components\\UserInfoClick\\index.jsx": {"path":"C:\\Users\\vinic\\Documents\\app.encontros\\src\\components\\UserInfoClick\\index.jsx","statementMap":{"0":{"start":{"line":5,"column":2},"end":{"line":17,"column":4}},"1":{"start":{"line":8,"column":8},"end":{"line":14,"column":17}},"2":{"start":{"line":9,"column":25},"end":{"line":9,"column":56}}},"fnMap":{"0":{"name":"UserInfoClick","decl":{"start":{"line":4,"column":9},"end":{"line":4,"column":22}},"loc":{"start":{"line":4,"column":43},"end":{"line":18,"column":1}},"line":4},"1":{"name":"(anonymous_1)","decl":{"start":{"line":7,"column":7},"end":{"line":7,"column":8}},"loc":{"start":{"line":8,"column":8},"end":{"line":14,"column":17}},"line":8},"2":{"name":"(anonymous_2)","decl":{"start":{"line":9,"column":19},"end":{"line":9,"column":20}},"loc":{"start":{"line":9,"column":25},"end":{"line":9,"column":56}},"line":9}},"branchMap":{},"s":{"0":12,"1":11,"2":3},"f":{"0":12,"1":11,"2":3},"b":{},"_coverageSchema":"1a1c01bbd47fc00a2c39e90264f33305004495a9","hash":"7af35e5cc3fcf3b743be5cd80f5198cb2900fa9f"}
,"C:\\Users\\vinic\\Documents\\app.encontros\\src\\components\\UsersInfoSideSlider\\index.jsx": {"path":"C:\\Users\\vinic\\Documents\\app.encontros\\src\\components\\UsersInfoSideSlider\\index.jsx","statementMap":{"0":{"start":{"line":9,"column":2},"end":{"line":20,"column":4}},"1":{"start":{"line":14,"column":12},"end":{"line":16,"column":28}}},"fnMap":{"0":{"name":"UsersChatSideSlider","decl":{"start":{"line":8,"column":9},"end":{"line":8,"column":28}},"loc":{"start":{"line":8,"column":57},"end":{"line":21,"column":1}},"line":8},"1":{"name":"(anonymous_1)","decl":{"start":{"line":13,"column":20},"end":{"line":13,"column":21}},"loc":{"start":{"line":14,"column":12},"end":{"line":16,"column":28}},"line":14}},"branchMap":{"0":{"loc":{"start":{"line":12,"column":9},"end":{"line":17,"column":12}},"type":"binary-expr","locations":[{"start":{"line":12,"column":9},"end":{"line":12,"column":22}},{"start":{"line":13,"column":10},"end":{"line":17,"column":12}}],"line":12}},"s":{"0":6,"1":6},"f":{"0":6,"1":6},"b":{"0":[6,6]},"_coverageSchema":"1a1c01bbd47fc00a2c39e90264f33305004495a9","hash":"a3e00ef1e4d26edc9c4e6004e71d8d2a7e34baa0"}
,"C:\\Users\\vinic\\Documents\\app.encontros\\src\\components\\UsersInfoVertical\\index.jsx": {"path":"C:\\Users\\vinic\\Documents\\app.encontros\\src\\components\\UsersInfoVertical\\index.jsx","statementMap":{"0":{"start":{"line":9,"column":2},"end":{"line":21,"column":4}},"1":{"start":{"line":15,"column":12},"end":{"line":17,"column":28}}},"fnMap":{"0":{"name":"UsersInfoVertical","decl":{"start":{"line":8,"column":9},"end":{"line":8,"column":26}},"loc":{"start":{"line":8,"column":55},"end":{"line":22,"column":1}},"line":8},"1":{"name":"(anonymous_1)","decl":{"start":{"line":14,"column":20},"end":{"line":14,"column":21}},"loc":{"start":{"line":15,"column":12},"end":{"line":17,"column":28}},"line":15}},"branchMap":{"0":{"loc":{"start":{"line":13,"column":9},"end":{"line":18,"column":12}},"type":"binary-expr","locations":[{"start":{"line":13,"column":9},"end":{"line":13,"column":22}},{"start":{"line":14,"column":10},"end":{"line":18,"column":12}}],"line":13}},"s":{"0":6,"1":6},"f":{"0":6,"1":6},"b":{"0":[6,6]},"_coverageSchema":"1a1c01bbd47fc00a2c39e90264f33305004495a9","hash":"0bbd10ea905b57be057ea875355055c37334f81d"}
,"C:\\Users\\vinic\\Documents\\app.encontros\\src\\contexts\\AppContext\\index.js": {"path":"C:\\Users\\vinic\\Documents\\app.encontros\\src\\contexts\\AppContext\\index.js","statementMap":{},"fnMap":{},"branchMap":{},"s":{},"f":{},"b":{},"_coverageSchema":"1a1c01bbd47fc00a2c39e90264f33305004495a9","hash":"3b077b20ada7b934e57b36178ded6f7d48ab3ef6"}
,"C:\\Users\\vinic\\Documents\\app.encontros\\src\\hooks\\UseUsers\\index.js": {"path":"C:\\Users\\vinic\\Documents\\app.encontros\\src\\hooks\\UseUsers\\index.js","statementMap":{"0":{"start":{"line":5,"column":70},"end":{"line":13,"column":3}},"1":{"start":{"line":7,"column":17},"end":{"line":7,"column":39}},"2":{"start":{"line":14,"column":2},"end":{"line":20,"column":4}}},"fnMap":{"0":{"name":"useUsers","decl":{"start":{"line":4,"column":9},"end":{"line":4,"column":17}},"loc":{"start":{"line":4,"column":28},"end":{"line":21,"column":1}},"line":4},"1":{"name":"(anonymous_1)","decl":{"start":{"line":7,"column":4},"end":{"line":7,"column":5}},"loc":{"start":{"line":7,"column":17},"end":{"line":7,"column":39}},"line":7}},"branchMap":{},"s":{"0":3,"1":1,"2":3},"f":{"0":3,"1":1},"b":{},"_coverageSchema":"1a1c01bbd47fc00a2c39e90264f33305004495a9","hash":"134e82ceb2ab1ba6dbbf02d47bba26670a4c4050"}
,"C:\\Users\\vinic\\Documents\\app.encontros\\src\\pages\\Home\\index.jsx": {"path":"C:\\Users\\vinic\\Documents\\app.encontros\\src\\pages\\Home\\index.jsx","statementMap":{"0":{"start":{"line":7,"column":32},"end":{"line":7,"column":49}},"1":{"start":{"line":8,"column":31},"end":{"line":8,"column":47}},"2":{"start":{"line":10,"column":2},"end":{"line":22,"column":4}}},"fnMap":{"0":{"name":"Home","decl":{"start":{"line":6,"column":9},"end":{"line":6,"column":13}},"loc":{"start":{"line":6,"column":16},"end":{"line":23,"column":1}},"line":6}},"branchMap":{"0":{"loc":{"start":{"line":17,"column":30},"end":{"line":17,"column":54}},"type":"binary-expr","locations":[{"start":{"line":17,"column":30},"end":{"line":17,"column":48}},{"start":{"line":17,"column":52},"end":{"line":17,"column":54}}],"line":17}},"s":{"0":5,"1":5,"2":5},"f":{"0":5},"b":{"0":[5,1]},"_coverageSchema":"1a1c01bbd47fc00a2c39e90264f33305004495a9","hash":"5bc608d2e5c2c63f10fa0199899bc928befa667c"}
,"C:\\Users\\vinic\\Documents\\app.encontros\\src\\pages\\Users\\Detail\\index.jsx": {"path":"C:\\Users\\vinic\\Documents\\app.encontros\\src\\pages\\Users\\Detail\\index.jsx","statementMap":{"0":{"start":{"line":8,"column":2},"end":{"line":13,"column":4}}},"fnMap":{"0":{"name":"UsersDetail","decl":{"start":{"line":7,"column":9},"end":{"line":7,"column":20}},"loc":{"start":{"line":7,"column":31},"end":{"line":14,"column":1}},"line":7}},"branchMap":{},"s":{"0":4},"f":{"0":4},"b":{},"_coverageSchema":"1a1c01bbd47fc00a2c39e90264f33305004495a9","hash":"3aa5b38846ac60252c11859c1ffa8699e42723fe"}
,"C:\\Users\\vinic\\Documents\\app.encontros\\src\\utils\\Requester.js": {"path":"C:\\Users\\vinic\\Documents\\app.encontros\\src\\utils\\Requester.js","statementMap":{"0":{"start":{"line":4,"column":2},"end":{"line":9,"column":5}}},"fnMap":{"0":{"name":"Get","decl":{"start":{"line":3,"column":9},"end":{"line":3,"column":12}},"loc":{"start":{"line":3,"column":18},"end":{"line":10,"column":1}},"line":3}},"branchMap":{},"s":{"0":2},"f":{"0":2},"b":{},"_coverageSchema":"1a1c01bbd47fc00a2c39e90264f33305004495a9","hash":"b410247c569acf90679b9764bdd0cb8dd92cbe78"}
}
