TN:
SF:src\App.js
FN:14,App
FN:20,(anonymous_1)
FN:27,(anonymous_2)
FN:33,(anonymous_3)
FN:34,(anonymous_4)
FN:38,(anonymous_5)
FN:52,(anonymous_6)
FN:77,(anonymous_7)
FNF:8
FNH:8
FNDA:4,App
FNDA:3,(anonymous_1)
FNDA:1,(anonymous_2)
FNDA:4,(anonymous_3)
FNDA:8,(anonymous_4)
FNDA:2,(anonymous_5)
FNDA:1,(anonymous_6)
FNDA:1,(anonymous_7)
DA:15,4
DA:16,4
DA:17,4
DA:19,4
DA:21,3
DA:26,4
DA:28,1
DA:33,4
DA:34,4
DA:35,8
DA:37,4
DA:39,2
DA:40,2
DA:45,4
DA:47,4
DA:53,1
DA:77,1
LF:17
LH:17
BRDA:21,0,0,3
BRDA:21,0,1,0
BRDA:33,1,0,4
BRDA:33,1,1,0
BRDA:35,2,0,4
BRDA:35,2,1,4
BRF:6
BRH:4
end_of_record
TN:
SF:src\index.js
FN:10,(anonymous_0)
FNF:1
FNH:1
FNDA:1,(anonymous_0)
DA:8,1
DA:11,1
DA:26,1
LF:3
LH:3
BRF:0
BRH:0
end_of_record
TN:
SF:src\reportWebVitals.js
FN:1,(anonymous_0)
FN:3,(anonymous_1)
FNF:2
FNH:2
FNDA:2,(anonymous_0)
FNDA:1,(anonymous_1)
DA:1,2
DA:2,2
DA:3,1
DA:4,1
DA:5,1
DA:6,1
DA:7,1
DA:8,1
LF:8
LH:8
BRDA:2,0,0,1
BRDA:2,0,1,1
BRDA:2,1,0,2
BRDA:2,1,1,1
BRF:4
BRH:4
end_of_record
TN:
SF:src\components\GoHome\index.jsx
FN:8,GoHome
FN:11,(anonymous_1)
FN:16,(anonymous_2)
FNF:3
FNH:3
FNDA:5,GoHome
FNDA:4,(anonymous_1)
FNDA:1,(anonymous_2)
DA:9,5
DA:12,4
DA:16,1
LF:3
LH:3
BRF:0
BRH:0
end_of_record
TN:
SF:src\components\SideSlider\index.jsx
FN:16,SideSlider
FN:27,(anonymous_1)
FNF:2
FNH:2
FNDA:7,SideSlider
FNDA:11,(anonymous_1)
DA:14,5
DA:17,7
DA:28,11
LF:3
LH:3
BRDA:26,0,0,7
BRDA:26,0,1,7
BRF:2
BRH:2
end_of_record
TN:
SF:src\components\UserDetail\index.jsx
FN:5,UserDetail
FNF:1
FNH:1
FNDA:4,UserDetail
DA:6,4
LF:1
LH:1
BRF:0
BRH:0
end_of_record
TN:
SF:src\components\UserInfo\index.jsx
FN:5,UserInfo
FNF:1
FNH:1
FNDA:12,UserInfo
DA:15,12
DA:43,6
LF:2
LH:2
BRDA:21,0,0,12
BRDA:21,0,1,6
BRDA:23,1,0,12
BRDA:23,1,1,6
BRF:4
BRH:4
end_of_record
TN:
SF:src\components\UserInfoClick\index.jsx
FN:4,UserInfoClick
FN:7,(anonymous_1)
FN:9,(anonymous_2)
FNF:3
FNH:3
FNDA:12,UserInfoClick
FNDA:11,(anonymous_1)
FNDA:3,(anonymous_2)
DA:5,12
DA:8,11
DA:9,3
LF:3
LH:3
BRF:0
BRH:0
end_of_record
TN:
SF:src\components\UsersInfoSideSlider\index.jsx
FN:8,UsersChatSideSlider
FN:13,(anonymous_1)
FNF:2
FNH:2
FNDA:6,UsersChatSideSlider
FNDA:6,(anonymous_1)
DA:9,6
DA:14,6
LF:2
LH:2
BRDA:12,0,0,6
BRDA:12,0,1,6
BRF:2
BRH:2
end_of_record
TN:
SF:src\components\UsersInfoVertical\index.jsx
FN:8,UsersInfoVertical
FN:14,(anonymous_1)
FNF:2
FNH:2
FNDA:6,UsersInfoVertical
FNDA:6,(anonymous_1)
DA:9,6
DA:15,6
LF:2
LH:2
BRDA:13,0,0,6
BRDA:13,0,1,6
BRF:2
BRH:2
end_of_record
TN:
SF:src\contexts\AppContext\index.js
FNF:0
FNH:0
LF:0
LH:0
BRF:0
BRH:0
end_of_record
TN:
SF:src\hooks\UseUsers\index.js
FN:4,useUsers
FN:7,(anonymous_1)
FNF:2
FNH:2
FNDA:3,useUsers
FNDA:1,(anonymous_1)
DA:5,3
DA:7,1
DA:14,3
LF:3
LH:3
BRF:0
BRH:0
end_of_record
TN:
SF:src\pages\Home\index.jsx
FN:6,Home
FNF:1
FNH:1
FNDA:5,Home
DA:7,5
DA:8,5
DA:10,5
LF:3
LH:3
BRDA:17,0,0,5
BRDA:17,0,1,1
BRF:2
BRH:2
end_of_record
TN:
SF:src\pages\Users\Detail\index.jsx
FN:7,UsersDetail
FNF:1
FNH:1
FNDA:4,UsersDetail
DA:8,4
LF:1
LH:1
BRF:0
BRH:0
end_of_record
TN:
SF:src\utils\Requester.js
FN:3,Get
FNF:1
FNH:1
FNDA:2,Get
DA:4,2
LF:1
LH:1
BRF:0
BRH:0
end_of_record
